2019-04-01 19:56:06,364 [Worker-0: Loading available Gradle versions] INFO  o.e.b.c.i.u.g.PublishedGradleVersions - Gradle version information cache is up-to-date. Trying to read.
2019-04-01 19:56:33,443 [Worker-3: Loading available Gradle versions] INFO  o.e.b.c.i.u.g.PublishedGradleVersions - Gradle version information cache is up-to-date. Trying to read.
2019-04-01 19:58:17,478 [Worker-17: Building workspace] INFO  o.e.m.c.i.l.LifecycleMappingFactory - Using org.maven.ide.eclipse.wtp.WarLifecycleMapping lifecycle mapping for MavenProject: ISST2019:ISST2019:0.0.1-SNAPSHOT @ C:\Users\javia\Documents\ETSIT\Apuntes-Materiales\4º\Segundo Cuatrimestre\ISST\ISST-19-CRIS\pom.xml.
2019-04-01 19:58:17,478 [Worker-0: Updating Maven Dependencies] INFO  o.e.m.c.i.l.LifecycleMappingFactory - Using org.maven.ide.eclipse.wtp.WarLifecycleMapping lifecycle mapping for MavenProject: ISST2019:ISST2019:0.0.1-SNAPSHOT @ C:\Users\javia\Documents\ETSIT\Apuntes-Materiales\4º\Segundo Cuatrimestre\ISST\ISST-19-CRIS\pom.xml.
2019-04-01 19:58:20,152 [Worker-17: Building workspace] WARN  o.e.m.c.i.embedder.EclipseLogger - Using platform encoding (Cp1252 actually) to copy filtered resources, i.e. build is platform dependent!
2019-04-01 19:58:20,161 [Worker-17: Building workspace] INFO  o.e.m.c.i.embedder.EclipseLogger - skip non existing resourceDirectory C:\Users\javia\Documents\ETSIT\Apuntes-Materiales\4º\Segundo Cuatrimestre\ISST\ISST-19-CRIS\src\main\resources
2019-04-01 19:58:20,164 [Worker-17: Building workspace] WARN  o.e.m.c.i.embedder.EclipseLogger - Using platform encoding (Cp1252 actually) to copy filtered resources, i.e. build is platform dependent!
2019-04-01 19:58:20,169 [Worker-17: Building workspace] INFO  o.e.m.c.i.embedder.EclipseLogger - skip non existing resourceDirectory C:\Users\javia\Documents\ETSIT\Apuntes-Materiales\4º\Segundo Cuatrimestre\ISST\ISST-19-CRIS\src\test\resources
2019-04-01 19:58:22,173 [Worker-19: Updating Maven Dependencies] INFO  o.e.m.c.i.l.LifecycleMappingFactory - Using org.maven.ide.eclipse.wtp.WarLifecycleMapping lifecycle mapping for MavenProject: ISST2019:ISST2019:0.0.1-SNAPSHOT @ C:\Users\javia\Documents\ETSIT\Apuntes-Materiales\4º\Segundo Cuatrimestre\ISST\ISST-19-CRIS\pom.xml.
2019-04-01 19:58:22,186 [Worker-18: Building workspace] WARN  o.e.m.c.i.embedder.EclipseLogger - Using platform encoding (Cp1252 actually) to copy filtered resources, i.e. build is platform dependent!
2019-04-01 19:58:22,195 [Worker-18: Building workspace] INFO  o.e.m.c.i.embedder.EclipseLogger - skip non existing resourceDirectory C:\Users\javia\Documents\ETSIT\Apuntes-Materiales\4º\Segundo Cuatrimestre\ISST\ISST-19-CRIS\src\main\resources
2019-04-01 19:58:22,198 [Worker-18: Building workspace] WARN  o.e.m.c.i.embedder.EclipseLogger - Using platform encoding (Cp1252 actually) to copy filtered resources, i.e. build is platform dependent!
2019-04-01 19:58:22,205 [Worker-18: Building workspace] INFO  o.e.m.c.i.embedder.EclipseLogger - skip non existing resourceDirectory C:\Users\javia\Documents\ETSIT\Apuntes-Materiales\4º\Segundo Cuatrimestre\ISST\ISST-19-CRIS\src\test\resources
2019-04-01 19:58:23,566 [Worker-0: Building workspace] WARN  o.e.m.c.i.embedder.EclipseLogger - Using platform encoding (Cp1252 actually) to copy filtered resources, i.e. build is platform dependent!
2019-04-01 19:58:23,573 [Worker-0: Building workspace] INFO  o.e.m.c.i.embedder.EclipseLogger - skip non existing resourceDirectory C:\Users\javia\Documents\ETSIT\Apuntes-Materiales\4º\Segundo Cuatrimestre\ISST\ISST-19-CRIS\src\main\resources
2019-04-01 19:58:23,575 [Worker-0: Building workspace] WARN  o.e.m.c.i.embedder.EclipseLogger - Using platform encoding (Cp1252 actually) to copy filtered resources, i.e. build is platform dependent!
2019-04-01 19:58:23,582 [Worker-0: Building workspace] INFO  o.e.m.c.i.embedder.EclipseLogger - skip non existing resourceDirectory C:\Users\javia\Documents\ETSIT\Apuntes-Materiales\4º\Segundo Cuatrimestre\ISST\ISST-19-CRIS\src\test\resources
2019-04-01 19:59:50,408 [Worker-18: Building workspace] WARN  o.e.m.c.i.embedder.EclipseLogger - Using platform encoding (Cp1252 actually) to copy filtered resources, i.e. build is platform dependent!
2019-04-01 19:59:50,416 [Worker-18: Building workspace] INFO  o.e.m.c.i.embedder.EclipseLogger - skip non existing resourceDirectory C:\Users\javia\Documents\ETSIT\Apuntes-Materiales\4º\Segundo Cuatrimestre\ISST\ISST-19-CRIS\src\main\resources
2019-04-01 19:59:50,419 [Worker-18: Building workspace] WARN  o.e.m.c.i.embedder.EclipseLogger - Using platform encoding (Cp1252 actually) to copy filtered resources, i.e. build is platform dependent!
2019-04-01 19:59:50,427 [Worker-18: Building workspace] INFO  o.e.m.c.i.embedder.EclipseLogger - skip non existing resourceDirectory C:\Users\javia\Documents\ETSIT\Apuntes-Materiales\4º\Segundo Cuatrimestre\ISST\ISST-19-CRIS\src\test\resources
2019-04-01 20:00:11,422 [Worker-19: Building workspace] WARN  o.e.m.c.i.embedder.EclipseLogger - Using platform encoding (Cp1252 actually) to copy filtered resources, i.e. build is platform dependent!
2019-04-01 20:00:11,435 [Worker-19: Building workspace] INFO  o.e.m.c.i.embedder.EclipseLogger - skip non existing resourceDirectory C:\Users\javia\Documents\ETSIT\Apuntes-Materiales\4º\Segundo Cuatrimestre\ISST\ISST-19-CRIS\src\main\resources
2019-04-01 20:00:11,439 [Worker-19: Building workspace] WARN  o.e.m.c.i.embedder.EclipseLogger - Using platform encoding (Cp1252 actually) to copy filtered resources, i.e. build is platform dependent!
2019-04-01 20:00:11,444 [Worker-19: Building workspace] INFO  o.e.m.c.i.embedder.EclipseLogger - skip non existing resourceDirectory C:\Users\javia\Documents\ETSIT\Apuntes-Materiales\4º\Segundo Cuatrimestre\ISST\ISST-19-CRIS\src\test\resources
2019-04-01 20:00:25,454 [Worker-0: Building workspace] WARN  o.e.m.c.i.embedder.EclipseLogger - Using platform encoding (Cp1252 actually) to copy filtered resources, i.e. build is platform dependent!
2019-04-01 20:00:25,461 [Worker-0: Building workspace] INFO  o.e.m.c.i.embedder.EclipseLogger - skip non existing resourceDirectory C:\Users\javia\Documents\ETSIT\Apuntes-Materiales\4º\Segundo Cuatrimestre\ISST\ISST-19-CRIS\src\main\resources
2019-04-01 20:00:25,462 [Worker-0: Building workspace] WARN  o.e.m.c.i.embedder.EclipseLogger - Using platform encoding (Cp1252 actually) to copy filtered resources, i.e. build is platform dependent!
2019-04-01 20:00:25,470 [Worker-0: Building workspace] INFO  o.e.m.c.i.embedder.EclipseLogger - skip non existing resourceDirectory C:\Users\javia\Documents\ETSIT\Apuntes-Materiales\4º\Segundo Cuatrimestre\ISST\ISST-19-CRIS\src\test\resources
2019-04-01 20:01:10,068 [Worker-0: Building workspace] WARN  o.e.m.c.i.embedder.EclipseLogger - Using platform encoding (Cp1252 actually) to copy filtered resources, i.e. build is platform dependent!
2019-04-01 20:01:10,079 [Worker-0: Building workspace] INFO  o.e.m.c.i.embedder.EclipseLogger - skip non existing resourceDirectory C:\Users\javia\Documents\ETSIT\Apuntes-Materiales\4º\Segundo Cuatrimestre\ISST\ISST-19-CRIS\src\main\resources
2019-04-01 20:01:10,084 [Worker-0: Building workspace] WARN  o.e.m.c.i.embedder.EclipseLogger - Using platform encoding (Cp1252 actually) to copy filtered resources, i.e. build is platform dependent!
2019-04-01 20:01:10,089 [Worker-0: Building workspace] INFO  o.e.m.c.i.embedder.EclipseLogger - skip non existing resourceDirectory C:\Users\javia\Documents\ETSIT\Apuntes-Materiales\4º\Segundo Cuatrimestre\ISST\ISST-19-CRIS\src\test\resources
2019-04-01 20:01:21,111 [Worker-16: Building workspace] WARN  o.e.m.c.i.embedder.EclipseLogger - Using platform encoding (Cp1252 actually) to copy filtered resources, i.e. build is platform dependent!
2019-04-01 20:01:21,117 [Worker-16: Building workspace] INFO  o.e.m.c.i.embedder.EclipseLogger - skip non existing resourceDirectory C:\Users\javia\Documents\ETSIT\Apuntes-Materiales\4º\Segundo Cuatrimestre\ISST\ISST-19-CRIS\src\main\resources
2019-04-01 20:01:21,119 [Worker-16: Building workspace] WARN  o.e.m.c.i.embedder.EclipseLogger - Using platform encoding (Cp1252 actually) to copy filtered resources, i.e. build is platform dependent!
2019-04-01 20:01:21,123 [Worker-16: Building workspace] INFO  o.e.m.c.i.embedder.EclipseLogger - skip non existing resourceDirectory C:\Users\javia\Documents\ETSIT\Apuntes-Materiales\4º\Segundo Cuatrimestre\ISST\ISST-19-CRIS\src\test\resources
2019-04-01 20:01:44,600 [Worker-18: Building workspace] WARN  o.e.m.c.i.embedder.EclipseLogger - Using platform encoding (Cp1252 actually) to copy filtered resources, i.e. build is platform dependent!
2019-04-01 20:01:44,609 [Worker-18: Building workspace] INFO  o.e.m.c.i.embedder.EclipseLogger - skip non existing resourceDirectory C:\Users\javia\Documents\ETSIT\Apuntes-Materiales\4º\Segundo Cuatrimestre\ISST\ISST-19-CRIS\src\main\resources
2019-04-01 20:01:44,614 [Worker-18: Building workspace] WARN  o.e.m.c.i.embedder.EclipseLogger - Using platform encoding (Cp1252 actually) to copy filtered resources, i.e. build is platform dependent!
2019-04-01 20:01:44,621 [Worker-18: Building workspace] INFO  o.e.m.c.i.embedder.EclipseLogger - skip non existing resourceDirectory C:\Users\javia\Documents\ETSIT\Apuntes-Materiales\4º\Segundo Cuatrimestre\ISST\ISST-19-CRIS\src\test\resources
2019-04-01 20:02:07,537 [Worker-5: Building workspace] WARN  o.e.m.c.i.embedder.EclipseLogger - Using platform encoding (Cp1252 actually) to copy filtered resources, i.e. build is platform dependent!
2019-04-01 20:02:07,543 [Worker-5: Building workspace] INFO  o.e.m.c.i.embedder.EclipseLogger - skip non existing resourceDirectory C:\Users\javia\Documents\ETSIT\Apuntes-Materiales\4º\Segundo Cuatrimestre\ISST\ISST-19-CRIS\src\main\resources
2019-04-01 20:02:07,545 [Worker-5: Building workspace] WARN  o.e.m.c.i.embedder.EclipseLogger - Using platform encoding (Cp1252 actually) to copy filtered resources, i.e. build is platform dependent!
2019-04-01 20:02:07,549 [Worker-5: Building workspace] INFO  o.e.m.c.i.embedder.EclipseLogger - skip non existing resourceDirectory C:\Users\javia\Documents\ETSIT\Apuntes-Materiales\4º\Segundo Cuatrimestre\ISST\ISST-19-CRIS\src\test\resources
2019-04-01 20:02:11,295 [Worker-7: Building workspace] WARN  o.e.m.c.i.embedder.EclipseLogger - Using platform encoding (Cp1252 actually) to copy filtered resources, i.e. build is platform dependent!
2019-04-01 20:02:11,303 [Worker-7: Building workspace] INFO  o.e.m.c.i.embedder.EclipseLogger - skip non existing resourceDirectory C:\Users\javia\Documents\ETSIT\Apuntes-Materiales\4º\Segundo Cuatrimestre\ISST\ISST-19-CRIS\src\main\resources
2019-04-01 20:02:11,308 [Worker-7: Building workspace] WARN  o.e.m.c.i.embedder.EclipseLogger - Using platform encoding (Cp1252 actually) to copy filtered resources, i.e. build is platform dependent!
2019-04-01 20:02:11,313 [Worker-7: Building workspace] INFO  o.e.m.c.i.embedder.EclipseLogger - skip non existing resourceDirectory C:\Users\javia\Documents\ETSIT\Apuntes-Materiales\4º\Segundo Cuatrimestre\ISST\ISST-19-CRIS\src\test\resources
2019-04-01 20:02:14,984 [Worker-14: Building workspace] WARN  o.e.m.c.i.embedder.EclipseLogger - Using platform encoding (Cp1252 actually) to copy filtered resources, i.e. build is platform dependent!
2019-04-01 20:02:14,989 [Worker-14: Building workspace] INFO  o.e.m.c.i.embedder.EclipseLogger - skip non existing resourceDirectory C:\Users\javia\Documents\ETSIT\Apuntes-Materiales\4º\Segundo Cuatrimestre\ISST\ISST-19-CRIS\src\main\resources
2019-04-01 20:02:14,990 [Worker-14: Building workspace] WARN  o.e.m.c.i.embedder.EclipseLogger - Using platform encoding (Cp1252 actually) to copy filtered resources, i.e. build is platform dependent!
2019-04-01 20:02:14,996 [Worker-14: Building workspace] INFO  o.e.m.c.i.embedder.EclipseLogger - skip non existing resourceDirectory C:\Users\javia\Documents\ETSIT\Apuntes-Materiales\4º\Segundo Cuatrimestre\ISST\ISST-19-CRIS\src\test\resources
2019-04-01 20:02:21,159 [Worker-16: Building workspace] WARN  o.e.m.c.i.embedder.EclipseLogger - Using platform encoding (Cp1252 actually) to copy filtered resources, i.e. build is platform dependent!
2019-04-01 20:02:21,167 [Worker-16: Building workspace] INFO  o.e.m.c.i.embedder.EclipseLogger - skip non existing resourceDirectory C:\Users\javia\Documents\ETSIT\Apuntes-Materiales\4º\Segundo Cuatrimestre\ISST\ISST-19-CRIS\src\main\resources
2019-04-01 20:02:21,172 [Worker-16: Building workspace] WARN  o.e.m.c.i.embedder.EclipseLogger - Using platform encoding (Cp1252 actually) to copy filtered resources, i.e. build is platform dependent!
2019-04-01 20:02:21,177 [Worker-16: Building workspace] INFO  o.e.m.c.i.embedder.EclipseLogger - skip non existing resourceDirectory C:\Users\javia\Documents\ETSIT\Apuntes-Materiales\4º\Segundo Cuatrimestre\ISST\ISST-19-CRIS\src\test\resources
2019-04-01 20:02:39,076 [Worker-17: Updating Maven Project] INFO  o.e.m.c.i.p.ProjectConfigurationManager - Update started
2019-04-01 20:02:39,487 [Worker-17: Updating Maven Project] INFO  o.e.m.c.i.l.LifecycleMappingFactory - Using org.maven.ide.eclipse.wtp.WarLifecycleMapping lifecycle mapping for MavenProject: ISST2019:ISST2019:0.0.1-SNAPSHOT @ C:\Users\javia\Documents\ETSIT\Apuntes-Materiales\4º\Segundo Cuatrimestre\ISST\ISST-19-CRIS\pom.xml.
2019-04-01 20:02:40,243 [Worker-17: Updating Maven Project] INFO  o.e.m.j.i.AbstractJavaProjectConfigurator - Adding source folder /ISST-19-CRIS/src
2019-04-01 20:02:40,244 [Worker-17: Updating Maven Project] INFO  o.e.m.j.i.AbstractJavaProjectConfigurator - Not adding source folder /ISST-19-CRIS/src/test/java because it overlaps with /ISST-19-CRIS/src
2019-04-01 20:02:40,543 [Worker-17: Updating Maven Project] INFO  o.e.m.w.i.f.ResourceFilteringBuildParticipant - Cleaning filtered folder for ISST-19-CRIS
2019-04-01 20:02:40,558 [Worker-17: Updating Maven Project] INFO  o.e.m.c.i.p.ProjectConfigurationManager - Update completed: 1 sec
2019-04-01 20:02:40,935 [Worker-19: Building workspace] WARN  o.e.m.c.i.embedder.EclipseLogger - Using platform encoding (Cp1252 actually) to copy filtered resources, i.e. build is platform dependent!
2019-04-01 20:02:40,940 [Worker-19: Building workspace] INFO  o.e.m.c.i.embedder.EclipseLogger - skip non existing resourceDirectory C:\Users\javia\Documents\ETSIT\Apuntes-Materiales\4º\Segundo Cuatrimestre\ISST\ISST-19-CRIS\src\main\resources
2019-04-01 20:02:40,946 [Worker-19: Building workspace] WARN  o.e.m.c.i.embedder.EclipseLogger - Using platform encoding (Cp1252 actually) to copy filtered resources, i.e. build is platform dependent!
2019-04-01 20:02:40,953 [Worker-19: Building workspace] INFO  o.e.m.c.i.embedder.EclipseLogger - skip non existing resourceDirectory C:\Users\javia\Documents\ETSIT\Apuntes-Materiales\4º\Segundo Cuatrimestre\ISST\ISST-19-CRIS\src\test\resources
2019-04-01 20:02:40,957 [Worker-19: Building workspace] INFO  o.e.m.w.i.f.ResourceFilteringBuildParticipant - Changed resources require a complete clean of filtered resources of ISST-19-CRIS
2019-04-01 20:02:40,958 [Worker-19: Building workspace] INFO  o.e.m.w.i.f.ResourceFilteringBuildParticipant - Executing resource filtering for ISST-19-CRIS
2019-04-01 20:02:40,965 [Worker-19: Building workspace] WARN  o.e.m.c.i.embedder.EclipseLogger - The POM for org.apache.maven.plugins:maven-clean-plugin:jar:2.5 is missing, no dependency information available
2019-04-01 20:02:40,975 [Worker-19: Building workspace] WARN  o.e.m.c.i.embedder.EclipseLogger - Using platform encoding (Cp1252 actually) to copy filtered resources, i.e. build is platform dependent!
2019-04-01 20:03:28,985 [Worker-16: Building workspace] WARN  o.e.m.c.i.embedder.EclipseLogger - Using platform encoding (Cp1252 actually) to copy filtered resources, i.e. build is platform dependent!
2019-04-01 20:03:28,993 [Worker-16: Building workspace] INFO  o.e.m.c.i.embedder.EclipseLogger - skip non existing resourceDirectory C:\Users\javia\Documents\ETSIT\Apuntes-Materiales\4º\Segundo Cuatrimestre\ISST\ISST-19-CRIS\src\main\resources
2019-04-01 20:03:28,998 [Worker-16: Building workspace] WARN  o.e.m.c.i.embedder.EclipseLogger - Using platform encoding (Cp1252 actually) to copy filtered resources, i.e. build is platform dependent!
2019-04-01 20:03:29,007 [Worker-16: Building workspace] INFO  o.e.m.c.i.embedder.EclipseLogger - skip non existing resourceDirectory C:\Users\javia\Documents\ETSIT\Apuntes-Materiales\4º\Segundo Cuatrimestre\ISST\ISST-19-CRIS\src\test\resources
2019-04-01 20:04:26,257 [Worker-19: Building workspace] INFO  o.e.m.c.i.l.LifecycleMappingFactory - Using org.maven.ide.eclipse.wtp.WarLifecycleMapping lifecycle mapping for MavenProject: ISST2019:ISST2019:0.0.1-SNAPSHOT @ C:\Users\javia\Documents\ETSIT\Apuntes-Materiales\4º\Segundo Cuatrimestre\ISST\ISST-19-CRIS\pom.xml.
2019-04-01 20:04:26,601 [Worker-19: Building workspace] WARN  o.e.m.c.i.embedder.EclipseLogger - Using platform encoding (Cp1252 actually) to copy filtered resources, i.e. build is platform dependent!
2019-04-01 20:04:26,617 [Worker-19: Building workspace] INFO  o.e.m.c.i.embedder.EclipseLogger - skip non existing resourceDirectory C:\Users\javia\Documents\ETSIT\Apuntes-Materiales\4º\Segundo Cuatrimestre\ISST\ISST-19-CRIS\src\main\resources
2019-04-01 20:04:26,624 [Worker-19: Building workspace] WARN  o.e.m.c.i.embedder.EclipseLogger - Using platform encoding (Cp1252 actually) to copy filtered resources, i.e. build is platform dependent!
2019-04-01 20:04:26,637 [Worker-19: Building workspace] INFO  o.e.m.c.i.embedder.EclipseLogger - skip non existing resourceDirectory C:\Users\javia\Documents\ETSIT\Apuntes-Materiales\4º\Segundo Cuatrimestre\ISST\ISST-19-CRIS\src\test\resources
2019-04-01 20:04:28,969 [Worker-19: Building workspace] WARN  o.e.m.c.i.embedder.EclipseLogger - Using platform encoding (Cp1252 actually) to copy filtered resources, i.e. build is platform dependent!
2019-04-01 20:04:29,013 [Worker-19: Building workspace] INFO  o.e.m.c.i.embedder.EclipseLogger - skip non existing resourceDirectory C:\Users\javia\Documents\ETSIT\Apuntes-Materiales\4º\Segundo Cuatrimestre\ISST\ISST-19-CRIS\src\main\resources
2019-04-01 20:04:29,023 [Worker-19: Building workspace] WARN  o.e.m.c.i.embedder.EclipseLogger - Using platform encoding (Cp1252 actually) to copy filtered resources, i.e. build is platform dependent!
2019-04-01 20:04:29,040 [Worker-19: Building workspace] INFO  o.e.m.c.i.embedder.EclipseLogger - skip non existing resourceDirectory C:\Users\javia\Documents\ETSIT\Apuntes-Materiales\4º\Segundo Cuatrimestre\ISST\ISST-19-CRIS\src\test\resources
2019-04-01 20:05:18,719 [Worker-22: Building workspace] WARN  o.e.m.c.i.embedder.EclipseLogger - Using platform encoding (Cp1252 actually) to copy filtered resources, i.e. build is platform dependent!
2019-04-01 20:05:18,731 [Worker-22: Building workspace] INFO  o.e.m.c.i.embedder.EclipseLogger - skip non existing resourceDirectory C:\Users\javia\Documents\ETSIT\Apuntes-Materiales\4º\Segundo Cuatrimestre\ISST\ISST-19-CRIS\src\main\resources
2019-04-01 20:05:18,736 [Worker-22: Building workspace] WARN  o.e.m.c.i.embedder.EclipseLogger - Using platform encoding (Cp1252 actually) to copy filtered resources, i.e. build is platform dependent!
2019-04-01 20:05:18,747 [Worker-22: Building workspace] INFO  o.e.m.c.i.embedder.EclipseLogger - skip non existing resourceDirectory C:\Users\javia\Documents\ETSIT\Apuntes-Materiales\4º\Segundo Cuatrimestre\ISST\ISST-19-CRIS\src\test\resources
2019-04-01 20:05:34,604 [Worker-7: Building workspace] WARN  o.e.m.c.i.embedder.EclipseLogger - Using platform encoding (Cp1252 actually) to copy filtered resources, i.e. build is platform dependent!
2019-04-01 20:05:34,615 [Worker-7: Building workspace] INFO  o.e.m.c.i.embedder.EclipseLogger - skip non existing resourceDirectory C:\Users\javia\Documents\ETSIT\Apuntes-Materiales\4º\Segundo Cuatrimestre\ISST\ISST-19-CRIS\src\main\resources
2019-04-01 20:05:34,621 [Worker-7: Building workspace] WARN  o.e.m.c.i.embedder.EclipseLogger - Using platform encoding (Cp1252 actually) to copy filtered resources, i.e. build is platform dependent!
2019-04-01 20:05:34,634 [Worker-7: Building workspace] INFO  o.e.m.c.i.embedder.EclipseLogger - skip non existing resourceDirectory C:\Users\javia\Documents\ETSIT\Apuntes-Materiales\4º\Segundo Cuatrimestre\ISST\ISST-19-CRIS\src\test\resources
2019-04-01 20:05:54,439 [Worker-19: Building workspace] WARN  o.e.m.c.i.embedder.EclipseLogger - Using platform encoding (Cp1252 actually) to copy filtered resources, i.e. build is platform dependent!
2019-04-01 20:05:54,454 [Worker-19: Building workspace] INFO  o.e.m.c.i.embedder.EclipseLogger - skip non existing resourceDirectory C:\Users\javia\Documents\ETSIT\Apuntes-Materiales\4º\Segundo Cuatrimestre\ISST\ISST-19-CRIS\src\main\resources
2019-04-01 20:05:54,462 [Worker-19: Building workspace] WARN  o.e.m.c.i.embedder.EclipseLogger - Using platform encoding (Cp1252 actually) to copy filtered resources, i.e. build is platform dependent!
2019-04-01 20:05:54,471 [Worker-19: Building workspace] INFO  o.e.m.c.i.embedder.EclipseLogger - skip non existing resourceDirectory C:\Users\javia\Documents\ETSIT\Apuntes-Materiales\4º\Segundo Cuatrimestre\ISST\ISST-19-CRIS\src\test\resources
2019-04-01 20:06:06,257 [Worker-24: Building workspace] WARN  o.e.m.c.i.embedder.EclipseLogger - Using platform encoding (Cp1252 actually) to copy filtered resources, i.e. build is platform dependent!
2019-04-01 20:06:06,266 [Worker-24: Building workspace] INFO  o.e.m.c.i.embedder.EclipseLogger - skip non existing resourceDirectory C:\Users\javia\Documents\ETSIT\Apuntes-Materiales\4º\Segundo Cuatrimestre\ISST\ISST-19-CRIS\src\main\resources
2019-04-01 20:06:06,270 [Worker-24: Building workspace] WARN  o.e.m.c.i.embedder.EclipseLogger - Using platform encoding (Cp1252 actually) to copy filtered resources, i.e. build is platform dependent!
2019-04-01 20:06:06,279 [Worker-24: Building workspace] INFO  o.e.m.c.i.embedder.EclipseLogger - skip non existing resourceDirectory C:\Users\javia\Documents\ETSIT\Apuntes-Materiales\4º\Segundo Cuatrimestre\ISST\ISST-19-CRIS\src\test\resources
2019-04-01 20:06:23,528 [Worker-20: Building workspace] WARN  o.e.m.c.i.embedder.EclipseLogger - Using platform encoding (Cp1252 actually) to copy filtered resources, i.e. build is platform dependent!
2019-04-01 20:06:23,537 [Worker-20: Building workspace] INFO  o.e.m.c.i.embedder.EclipseLogger - skip non existing resourceDirectory C:\Users\javia\Documents\ETSIT\Apuntes-Materiales\4º\Segundo Cuatrimestre\ISST\ISST-19-CRIS\src\main\resources
2019-04-01 20:06:23,544 [Worker-20: Building workspace] WARN  o.e.m.c.i.embedder.EclipseLogger - Using platform encoding (Cp1252 actually) to copy filtered resources, i.e. build is platform dependent!
2019-04-01 20:06:23,556 [Worker-20: Building workspace] INFO  o.e.m.c.i.embedder.EclipseLogger - skip non existing resourceDirectory C:\Users\javia\Documents\ETSIT\Apuntes-Materiales\4º\Segundo Cuatrimestre\ISST\ISST-19-CRIS\src\test\resources
2019-04-01 20:06:35,218 [Worker-24: Building workspace] WARN  o.e.m.c.i.embedder.EclipseLogger - Using platform encoding (Cp1252 actually) to copy filtered resources, i.e. build is platform dependent!
2019-04-01 20:06:35,227 [Worker-24: Building workspace] INFO  o.e.m.c.i.embedder.EclipseLogger - skip non existing resourceDirectory C:\Users\javia\Documents\ETSIT\Apuntes-Materiales\4º\Segundo Cuatrimestre\ISST\ISST-19-CRIS\src\main\resources
2019-04-01 20:06:35,232 [Worker-24: Building workspace] WARN  o.e.m.c.i.embedder.EclipseLogger - Using platform encoding (Cp1252 actually) to copy filtered resources, i.e. build is platform dependent!
2019-04-01 20:06:35,241 [Worker-24: Building workspace] INFO  o.e.m.c.i.embedder.EclipseLogger - skip non existing resourceDirectory C:\Users\javia\Documents\ETSIT\Apuntes-Materiales\4º\Segundo Cuatrimestre\ISST\ISST-19-CRIS\src\test\resources
2019-04-01 20:06:58,073 [Worker-20: Building workspace] WARN  o.e.m.c.i.embedder.EclipseLogger - Using platform encoding (Cp1252 actually) to copy filtered resources, i.e. build is platform dependent!
2019-04-01 20:06:58,084 [Worker-20: Building workspace] INFO  o.e.m.c.i.embedder.EclipseLogger - skip non existing resourceDirectory C:\Users\javia\Documents\ETSIT\Apuntes-Materiales\4º\Segundo Cuatrimestre\ISST\ISST-19-CRIS\src\main\resources
2019-04-01 20:06:58,090 [Worker-20: Building workspace] WARN  o.e.m.c.i.embedder.EclipseLogger - Using platform encoding (Cp1252 actually) to copy filtered resources, i.e. build is platform dependent!
2019-04-01 20:06:58,099 [Worker-20: Building workspace] INFO  o.e.m.c.i.embedder.EclipseLogger - skip non existing resourceDirectory C:\Users\javia\Documents\ETSIT\Apuntes-Materiales\4º\Segundo Cuatrimestre\ISST\ISST-19-CRIS\src\test\resources
2019-04-01 20:07:02,176 [Worker-0: Building workspace] WARN  o.e.m.c.i.embedder.EclipseLogger - Using platform encoding (Cp1252 actually) to copy filtered resources, i.e. build is platform dependent!
2019-04-01 20:07:02,185 [Worker-0: Building workspace] INFO  o.e.m.c.i.embedder.EclipseLogger - skip non existing resourceDirectory C:\Users\javia\Documents\ETSIT\Apuntes-Materiales\4º\Segundo Cuatrimestre\ISST\ISST-19-CRIS\src\main\resources
2019-04-01 20:07:02,190 [Worker-0: Building workspace] WARN  o.e.m.c.i.embedder.EclipseLogger - Using platform encoding (Cp1252 actually) to copy filtered resources, i.e. build is platform dependent!
2019-04-01 20:07:02,198 [Worker-0: Building workspace] INFO  o.e.m.c.i.embedder.EclipseLogger - skip non existing resourceDirectory C:\Users\javia\Documents\ETSIT\Apuntes-Materiales\4º\Segundo Cuatrimestre\ISST\ISST-19-CRIS\src\test\resources
2019-04-01 20:07:06,184 [Worker-18: Building workspace] WARN  o.e.m.c.i.embedder.EclipseLogger - Using platform encoding (Cp1252 actually) to copy filtered resources, i.e. build is platform dependent!
2019-04-01 20:07:06,195 [Worker-18: Building workspace] INFO  o.e.m.c.i.embedder.EclipseLogger - skip non existing resourceDirectory C:\Users\javia\Documents\ETSIT\Apuntes-Materiales\4º\Segundo Cuatrimestre\ISST\ISST-19-CRIS\src\main\resources
2019-04-01 20:07:06,199 [Worker-18: Building workspace] WARN  o.e.m.c.i.embedder.EclipseLogger - Using platform encoding (Cp1252 actually) to copy filtered resources, i.e. build is platform dependent!
2019-04-01 20:07:06,209 [Worker-18: Building workspace] INFO  o.e.m.c.i.embedder.EclipseLogger - skip non existing resourceDirectory C:\Users\javia\Documents\ETSIT\Apuntes-Materiales\4º\Segundo Cuatrimestre\ISST\ISST-19-CRIS\src\test\resources
2019-04-01 20:07:13,907 [Worker-18: Building workspace] WARN  o.e.m.c.i.embedder.EclipseLogger - Using platform encoding (Cp1252 actually) to copy filtered resources, i.e. build is platform dependent!
2019-04-01 20:07:13,916 [Worker-18: Building workspace] INFO  o.e.m.c.i.embedder.EclipseLogger - skip non existing resourceDirectory C:\Users\javia\Documents\ETSIT\Apuntes-Materiales\4º\Segundo Cuatrimestre\ISST\ISST-19-CRIS\src\main\resources
2019-04-01 20:07:13,921 [Worker-18: Building workspace] WARN  o.e.m.c.i.embedder.EclipseLogger - Using platform encoding (Cp1252 actually) to copy filtered resources, i.e. build is platform dependent!
2019-04-01 20:07:13,930 [Worker-18: Building workspace] INFO  o.e.m.c.i.embedder.EclipseLogger - skip non existing resourceDirectory C:\Users\javia\Documents\ETSIT\Apuntes-Materiales\4º\Segundo Cuatrimestre\ISST\ISST-19-CRIS\src\test\resources
2019-04-01 20:07:34,627 [Worker-14: Building workspace] WARN  o.e.m.c.i.embedder.EclipseLogger - Using platform encoding (Cp1252 actually) to copy filtered resources, i.e. build is platform dependent!
2019-04-01 20:07:34,638 [Worker-14: Building workspace] INFO  o.e.m.c.i.embedder.EclipseLogger - skip non existing resourceDirectory C:\Users\javia\Documents\ETSIT\Apuntes-Materiales\4º\Segundo Cuatrimestre\ISST\ISST-19-CRIS\src\main\resources
2019-04-01 20:07:34,644 [Worker-14: Building workspace] WARN  o.e.m.c.i.embedder.EclipseLogger - Using platform encoding (Cp1252 actually) to copy filtered resources, i.e. build is platform dependent!
2019-04-01 20:07:34,655 [Worker-14: Building workspace] INFO  o.e.m.c.i.embedder.EclipseLogger - skip non existing resourceDirectory C:\Users\javia\Documents\ETSIT\Apuntes-Materiales\4º\Segundo Cuatrimestre\ISST\ISST-19-CRIS\src\test\resources
2019-04-01 20:07:40,653 [Worker-17: Building workspace] WARN  o.e.m.c.i.embedder.EclipseLogger - Using platform encoding (Cp1252 actually) to copy filtered resources, i.e. build is platform dependent!
2019-04-01 20:07:40,666 [Worker-17: Building workspace] INFO  o.e.m.c.i.embedder.EclipseLogger - skip non existing resourceDirectory C:\Users\javia\Documents\ETSIT\Apuntes-Materiales\4º\Segundo Cuatrimestre\ISST\ISST-19-CRIS\src\main\resources
2019-04-01 20:07:40,672 [Worker-17: Building workspace] WARN  o.e.m.c.i.embedder.EclipseLogger - Using platform encoding (Cp1252 actually) to copy filtered resources, i.e. build is platform dependent!
2019-04-01 20:07:40,682 [Worker-17: Building workspace] INFO  o.e.m.c.i.embedder.EclipseLogger - skip non existing resourceDirectory C:\Users\javia\Documents\ETSIT\Apuntes-Materiales\4º\Segundo Cuatrimestre\ISST\ISST-19-CRIS\src\test\resources
2019-04-01 20:08:07,966 [Worker-24: Building workspace] WARN  o.e.m.c.i.embedder.EclipseLogger - Using platform encoding (Cp1252 actually) to copy filtered resources, i.e. build is platform dependent!
2019-04-01 20:08:07,976 [Worker-24: Building workspace] INFO  o.e.m.c.i.embedder.EclipseLogger - skip non existing resourceDirectory C:\Users\javia\Documents\ETSIT\Apuntes-Materiales\4º\Segundo Cuatrimestre\ISST\ISST-19-CRIS\src\main\resources
2019-04-01 20:08:07,982 [Worker-24: Building workspace] WARN  o.e.m.c.i.embedder.EclipseLogger - Using platform encoding (Cp1252 actually) to copy filtered resources, i.e. build is platform dependent!
2019-04-01 20:08:07,993 [Worker-24: Building workspace] INFO  o.e.m.c.i.embedder.EclipseLogger - skip non existing resourceDirectory C:\Users\javia\Documents\ETSIT\Apuntes-Materiales\4º\Segundo Cuatrimestre\ISST\ISST-19-CRIS\src\test\resources
2019-04-01 20:08:17,313 [Worker-24: Building workspace] WARN  o.e.m.c.i.embedder.EclipseLogger - Using platform encoding (Cp1252 actually) to copy filtered resources, i.e. build is platform dependent!
2019-04-01 20:08:17,323 [Worker-24: Building workspace] INFO  o.e.m.c.i.embedder.EclipseLogger - skip non existing resourceDirectory C:\Users\javia\Documents\ETSIT\Apuntes-Materiales\4º\Segundo Cuatrimestre\ISST\ISST-19-CRIS\src\main\resources
2019-04-01 20:08:17,328 [Worker-24: Building workspace] WARN  o.e.m.c.i.embedder.EclipseLogger - Using platform encoding (Cp1252 actually) to copy filtered resources, i.e. build is platform dependent!
2019-04-01 20:08:17,338 [Worker-24: Building workspace] INFO  o.e.m.c.i.embedder.EclipseLogger - skip non existing resourceDirectory C:\Users\javia\Documents\ETSIT\Apuntes-Materiales\4º\Segundo Cuatrimestre\ISST\ISST-19-CRIS\src\test\resources
2019-04-01 20:08:28,306 [Worker-20: Building workspace] WARN  o.e.m.c.i.embedder.EclipseLogger - Using platform encoding (Cp1252 actually) to copy filtered resources, i.e. build is platform dependent!
2019-04-01 20:08:28,315 [Worker-20: Building workspace] INFO  o.e.m.c.i.embedder.EclipseLogger - skip non existing resourceDirectory C:\Users\javia\Documents\ETSIT\Apuntes-Materiales\4º\Segundo Cuatrimestre\ISST\ISST-19-CRIS\src\main\resources
2019-04-01 20:08:28,321 [Worker-20: Building workspace] WARN  o.e.m.c.i.embedder.EclipseLogger - Using platform encoding (Cp1252 actually) to copy filtered resources, i.e. build is platform dependent!
2019-04-01 20:08:28,332 [Worker-20: Building workspace] INFO  o.e.m.c.i.embedder.EclipseLogger - skip non existing resourceDirectory C:\Users\javia\Documents\ETSIT\Apuntes-Materiales\4º\Segundo Cuatrimestre\ISST\ISST-19-CRIS\src\test\resources
2019-04-01 20:08:40,780 [Worker-17: Building workspace] WARN  o.e.m.c.i.embedder.EclipseLogger - Using platform encoding (Cp1252 actually) to copy filtered resources, i.e. build is platform dependent!
2019-04-01 20:08:40,793 [Worker-17: Building workspace] INFO  o.e.m.c.i.embedder.EclipseLogger - skip non existing resourceDirectory C:\Users\javia\Documents\ETSIT\Apuntes-Materiales\4º\Segundo Cuatrimestre\ISST\ISST-19-CRIS\src\main\resources
2019-04-01 20:08:40,801 [Worker-17: Building workspace] WARN  o.e.m.c.i.embedder.EclipseLogger - Using platform encoding (Cp1252 actually) to copy filtered resources, i.e. build is platform dependent!
2019-04-01 20:08:40,813 [Worker-17: Building workspace] INFO  o.e.m.c.i.embedder.EclipseLogger - skip non existing resourceDirectory C:\Users\javia\Documents\ETSIT\Apuntes-Materiales\4º\Segundo Cuatrimestre\ISST\ISST-19-CRIS\src\test\resources
2019-04-01 20:08:50,321 [Worker-14: Building workspace] WARN  o.e.m.c.i.embedder.EclipseLogger - Using platform encoding (Cp1252 actually) to copy filtered resources, i.e. build is platform dependent!
2019-04-01 20:08:50,329 [Worker-14: Building workspace] INFO  o.e.m.c.i.embedder.EclipseLogger - skip non existing resourceDirectory C:\Users\javia\Documents\ETSIT\Apuntes-Materiales\4º\Segundo Cuatrimestre\ISST\ISST-19-CRIS\src\main\resources
2019-04-01 20:08:50,333 [Worker-14: Building workspace] WARN  o.e.m.c.i.embedder.EclipseLogger - Using platform encoding (Cp1252 actually) to copy filtered resources, i.e. build is platform dependent!
2019-04-01 20:08:50,340 [Worker-14: Building workspace] INFO  o.e.m.c.i.embedder.EclipseLogger - skip non existing resourceDirectory C:\Users\javia\Documents\ETSIT\Apuntes-Materiales\4º\Segundo Cuatrimestre\ISST\ISST-19-CRIS\src\test\resources
2019-04-01 20:08:54,445 [Worker-16: Building workspace] WARN  o.e.m.c.i.embedder.EclipseLogger - Using platform encoding (Cp1252 actually) to copy filtered resources, i.e. build is platform dependent!
2019-04-01 20:08:54,453 [Worker-16: Building workspace] INFO  o.e.m.c.i.embedder.EclipseLogger - skip non existing resourceDirectory C:\Users\javia\Documents\ETSIT\Apuntes-Materiales\4º\Segundo Cuatrimestre\ISST\ISST-19-CRIS\src\main\resources
2019-04-01 20:08:54,457 [Worker-16: Building workspace] WARN  o.e.m.c.i.embedder.EclipseLogger - Using platform encoding (Cp1252 actually) to copy filtered resources, i.e. build is platform dependent!
2019-04-01 20:08:54,465 [Worker-16: Building workspace] INFO  o.e.m.c.i.embedder.EclipseLogger - skip non existing resourceDirectory C:\Users\javia\Documents\ETSIT\Apuntes-Materiales\4º\Segundo Cuatrimestre\ISST\ISST-19-CRIS\src\test\resources
2019-04-01 20:13:55,780 [Worker-16: Building workspace] WARN  o.e.m.c.i.embedder.EclipseLogger - Using platform encoding (Cp1252 actually) to copy filtered resources, i.e. build is platform dependent!
2019-04-01 20:13:55,790 [Worker-16: Building workspace] INFO  o.e.m.c.i.embedder.EclipseLogger - skip non existing resourceDirectory C:\Users\javia\Documents\ETSIT\Apuntes-Materiales\4º\Segundo Cuatrimestre\ISST\ISST-19-CRIS\src\main\resources
2019-04-01 20:13:55,795 [Worker-16: Building workspace] WARN  o.e.m.c.i.embedder.EclipseLogger - Using platform encoding (Cp1252 actually) to copy filtered resources, i.e. build is platform dependent!
2019-04-01 20:13:55,802 [Worker-16: Building workspace] INFO  o.e.m.c.i.embedder.EclipseLogger - skip non existing resourceDirectory C:\Users\javia\Documents\ETSIT\Apuntes-Materiales\4º\Segundo Cuatrimestre\ISST\ISST-19-CRIS\src\test\resources
2019-04-01 20:14:47,007 [Worker-17: Building workspace] WARN  o.e.m.c.i.embedder.EclipseLogger - Using platform encoding (Cp1252 actually) to copy filtered resources, i.e. build is platform dependent!
2019-04-01 20:14:47,017 [Worker-17: Building workspace] INFO  o.e.m.c.i.embedder.EclipseLogger - skip non existing resourceDirectory C:\Users\javia\Documents\ETSIT\Apuntes-Materiales\4º\Segundo Cuatrimestre\ISST\ISST-19-CRIS\src\main\resources
2019-04-01 20:14:47,022 [Worker-17: Building workspace] WARN  o.e.m.c.i.embedder.EclipseLogger - Using platform encoding (Cp1252 actually) to copy filtered resources, i.e. build is platform dependent!
2019-04-01 20:14:47,030 [Worker-17: Building workspace] INFO  o.e.m.c.i.embedder.EclipseLogger - skip non existing resourceDirectory C:\Users\javia\Documents\ETSIT\Apuntes-Materiales\4º\Segundo Cuatrimestre\ISST\ISST-19-CRIS\src\test\resources
2019-04-01 20:17:22,566 [Worker-14: Building workspace] INFO  o.e.m.c.i.l.LifecycleMappingFactory - Using org.maven.ide.eclipse.wtp.WarLifecycleMapping lifecycle mapping for MavenProject: ISST2019:ISST2019:0.0.1-SNAPSHOT @ C:\Users\javia\Documents\ETSIT\Apuntes-Materiales\4º\Segundo Cuatrimestre\ISST\ISST-19-CRIS\pom.xml.
2019-04-01 20:17:25,813 [Worker-14: Building workspace] WARN  o.e.m.c.i.embedder.EclipseLogger - Using platform encoding (Cp1252 actually) to copy filtered resources, i.e. build is platform dependent!
2019-04-01 20:17:25,826 [Worker-14: Building workspace] INFO  o.e.m.c.i.embedder.EclipseLogger - skip non existing resourceDirectory C:\Users\javia\Documents\ETSIT\Apuntes-Materiales\4º\Segundo Cuatrimestre\ISST\ISST-19-CRIS\src\main\resources
2019-04-01 20:17:25,833 [Worker-14: Building workspace] WARN  o.e.m.c.i.embedder.EclipseLogger - Using platform encoding (Cp1252 actually) to copy filtered resources, i.e. build is platform dependent!
2019-04-01 20:17:25,839 [Worker-14: Building workspace] INFO  o.e.m.c.i.embedder.EclipseLogger - skip non existing resourceDirectory C:\Users\javia\Documents\ETSIT\Apuntes-Materiales\4º\Segundo Cuatrimestre\ISST\ISST-19-CRIS\src\test\resources
2019-04-01 20:17:28,220 [Worker-18: Building workspace] WARN  o.e.m.c.i.embedder.EclipseLogger - Using platform encoding (Cp1252 actually) to copy filtered resources, i.e. build is platform dependent!
2019-04-01 20:17:28,224 [Worker-18: Building workspace] INFO  o.e.m.c.i.embedder.EclipseLogger - skip non existing resourceDirectory C:\Users\javia\Documents\ETSIT\Apuntes-Materiales\4º\Segundo Cuatrimestre\ISST\ISST-19-CRIS\src\main\resources
2019-04-01 20:17:28,225 [Worker-18: Building workspace] WARN  o.e.m.c.i.embedder.EclipseLogger - Using platform encoding (Cp1252 actually) to copy filtered resources, i.e. build is platform dependent!
2019-04-01 20:17:28,230 [Worker-18: Building workspace] INFO  o.e.m.c.i.embedder.EclipseLogger - skip non existing resourceDirectory C:\Users\javia\Documents\ETSIT\Apuntes-Materiales\4º\Segundo Cuatrimestre\ISST\ISST-19-CRIS\src\test\resources
2019-04-01 20:20:16,228 [Worker-27: Building workspace] WARN  o.e.m.c.i.embedder.EclipseLogger - Using platform encoding (Cp1252 actually) to copy filtered resources, i.e. build is platform dependent!
2019-04-01 20:20:16,238 [Worker-27: Building workspace] INFO  o.e.m.c.i.embedder.EclipseLogger - skip non existing resourceDirectory C:\Users\javia\Documents\ETSIT\Apuntes-Materiales\4º\Segundo Cuatrimestre\ISST\ISST-19-CRIS\src\main\resources
2019-04-01 20:20:16,243 [Worker-27: Building workspace] WARN  o.e.m.c.i.embedder.EclipseLogger - Using platform encoding (Cp1252 actually) to copy filtered resources, i.e. build is platform dependent!
2019-04-01 20:20:16,247 [Worker-27: Building workspace] INFO  o.e.m.c.i.embedder.EclipseLogger - skip non existing resourceDirectory C:\Users\javia\Documents\ETSIT\Apuntes-Materiales\4º\Segundo Cuatrimestre\ISST\ISST-19-CRIS\src\test\resources
2019-04-01 20:20:43,875 [Worker-26: Building workspace] WARN  o.e.m.c.i.embedder.EclipseLogger - Using platform encoding (Cp1252 actually) to copy filtered resources, i.e. build is platform dependent!
2019-04-01 20:20:43,881 [Worker-26: Building workspace] INFO  o.e.m.c.i.embedder.EclipseLogger - skip non existing resourceDirectory C:\Users\javia\Documents\ETSIT\Apuntes-Materiales\4º\Segundo Cuatrimestre\ISST\ISST-19-CRIS\src\main\resources
2019-04-01 20:20:43,882 [Worker-26: Building workspace] WARN  o.e.m.c.i.embedder.EclipseLogger - Using platform encoding (Cp1252 actually) to copy filtered resources, i.e. build is platform dependent!
2019-04-01 20:20:43,891 [Worker-26: Building workspace] INFO  o.e.m.c.i.embedder.EclipseLogger - skip non existing resourceDirectory C:\Users\javia\Documents\ETSIT\Apuntes-Materiales\4º\Segundo Cuatrimestre\ISST\ISST-19-CRIS\src\test\resources
2019-04-01 20:21:27,972 [Worker-19: Building workspace] WARN  o.e.m.c.i.embedder.EclipseLogger - Using platform encoding (Cp1252 actually) to copy filtered resources, i.e. build is platform dependent!
2019-04-01 20:21:27,981 [Worker-19: Building workspace] INFO  o.e.m.c.i.embedder.EclipseLogger - skip non existing resourceDirectory C:\Users\javia\Documents\ETSIT\Apuntes-Materiales\4º\Segundo Cuatrimestre\ISST\ISST-19-CRIS\src\main\resources
2019-04-01 20:21:27,984 [Worker-19: Building workspace] WARN  o.e.m.c.i.embedder.EclipseLogger - Using platform encoding (Cp1252 actually) to copy filtered resources, i.e. build is platform dependent!
2019-04-01 20:21:27,990 [Worker-19: Building workspace] INFO  o.e.m.c.i.embedder.EclipseLogger - skip non existing resourceDirectory C:\Users\javia\Documents\ETSIT\Apuntes-Materiales\4º\Segundo Cuatrimestre\ISST\ISST-19-CRIS\src\test\resources
2019-04-01 20:21:33,713 [Worker-21: Building workspace] WARN  o.e.m.c.i.embedder.EclipseLogger - Using platform encoding (Cp1252 actually) to copy filtered resources, i.e. build is platform dependent!
2019-04-01 20:21:33,717 [Worker-21: Building workspace] INFO  o.e.m.c.i.embedder.EclipseLogger - skip non existing resourceDirectory C:\Users\javia\Documents\ETSIT\Apuntes-Materiales\4º\Segundo Cuatrimestre\ISST\ISST-19-CRIS\src\main\resources
2019-04-01 20:21:33,718 [Worker-21: Building workspace] WARN  o.e.m.c.i.embedder.EclipseLogger - Using platform encoding (Cp1252 actually) to copy filtered resources, i.e. build is platform dependent!
2019-04-01 20:21:33,722 [Worker-21: Building workspace] INFO  o.e.m.c.i.embedder.EclipseLogger - skip non existing resourceDirectory C:\Users\javia\Documents\ETSIT\Apuntes-Materiales\4º\Segundo Cuatrimestre\ISST\ISST-19-CRIS\src\test\resources
2019-04-01 20:41:04,936 [Worker-0: Loading available Gradle versions] INFO  o.e.b.c.i.u.g.PublishedGradleVersions - Gradle version information cache is up-to-date. Trying to read.
2019-04-01 20:41:09,532 [Worker-0: Building workspace] WARN  o.e.m.c.i.embedder.EclipseLogger - Using platform encoding (Cp1252 actually) to copy filtered resources, i.e. build is platform dependent!
2019-04-01 20:41:09,545 [Worker-0: Building workspace] INFO  o.e.m.c.i.embedder.EclipseLogger - skip non existing resourceDirectory C:\Users\javia\Documents\ETSIT\Apuntes-Materiales\4º\Segundo Cuatrimestre\ISST\ISST-19-CRIS\src\main\resources
2019-04-01 20:41:09,550 [Worker-0: Building workspace] WARN  o.e.m.c.i.embedder.EclipseLogger - Using platform encoding (Cp1252 actually) to copy filtered resources, i.e. build is platform dependent!
2019-04-01 20:41:09,568 [Worker-0: Building workspace] INFO  o.e.m.c.i.embedder.EclipseLogger - skip non existing resourceDirectory C:\Users\javia\Documents\ETSIT\Apuntes-Materiales\4º\Segundo Cuatrimestre\ISST\ISST-19-CRIS\src\test\resources
